<?xml version="1.0" encoding="UTF-8"?>
<!-- Generated by org.testng.reporters.JUnitXMLReporter -->
<testsuite ignored="0" hostname="SUBHADEEP" failures="1" tests="1" name="Test" time="9.663" errors="0" timestamp="2023-04-21T01:09:37 IST">
  <testcase classname="Product.CreateProductTest" name="CreateProduct" time="2.742">
    <failure type="java.lang.AssertionError" message="null">
      <![CDATA[java.lang.AssertionError: null
at Product.CreateProductTest.CreateProduct(CreateProductTest.java:22)
at java.base/java.util.ArrayList.forEach(ArrayList.java:1511)
... Removed 27 stack frames]]>
    </failure>
  </testcase> <!-- CreateProduct -->
</testsuite> <!-- Test -->
